 1
6 1
a 334
a--premature 1
abate 1
abated 1
aberration 1
abide 1
abiding 1
abode 2
about 23
above 3
abridge 1
abrogation 1
abruptly 1
absence 1
absent 1
absent-mindedness 1
absolutely 2
abstaining 1
absurd 1
absurdly 1
accent 1
accessible 1
accidentally 1
accomplish 1
accomplishing 1
accord 1
according 3
accordingly 3
accosted 1
account 5
accuracy 2
ace 1
aching 1
acknowledge 2
acquaintance 2
acquainted 2
acquiesced 2
acquisition 1
across 2
act 2
act-an 1
acting 1
activity 1
actor 1
actual 1
acuteness 1
adam 2
adams 2
adapted 1
add 1
added 8
added-``after 1
additional 2
addressed 1
addresses 1
addressing 3
adequate 1
adequately 1
adjustment 1
administration 1
admission 1
admit 1
admitting 1
admonitions 1
ado 1
adopt 1
advance 1
advanced 3
advancing 2
advent 1
advertisement 1
advise 1
affair 2
affairs 3
affected 1
affections 1
afflictive 1
afford 1
afforded 1
after 20
afternoon 15
afternoons 1
afterwards 1
again 14
against 9
age 2
age-even 1
agent 1
aggravates 1
aghast 1
agitation 1
ago 2
agreeable 2
agreeably 1
ah 2
aid 1
aint 2
air 5
ajar 1
alacrity 1
alarmed 1
ale 1
alive 1
all 67
all-wise 1
alleged 1
allude 1
almost 3
alms 1
alms-house 1
alone 7
along 1
aloof 1
already 3
also 3
altercation 1
altogether 4
always 6
am 25
amazing 1
ambiguous-looking 1
ambition 2
ambitious 1
amid 1
amiss 1
among 9
an 48
and 376
and-preferred 1
anger 1
anger's 1
angle 1
angry 1
annoyances 1
annually 1
another 8
answer 15
answerable 1
answered 5
anthracite 1
anticipations 1
anxiously 1
any 47
apart 1
apartment 1
apartments 2
apparition 2
appeal 1
appear 3
appearance 3
appearance;-this 1
appeared 5
appears 1
applause 1
apple 2
application 2
applying 2
appointed 1
appreciate 1
apprehension 1
apprentice 1
apprised 1
approached 2
approaching 1
approved 1
apron 2
apt 3
arduous 1
are 34
argue 1
arguing 1
arisen 1
arm 3
arms 3
around 1
arranged 2
arrangement 3
array 1
as 101
ascendancy 1
ascendency 1
ascertain 1
ascertainable 1
aside 2
ask 2
asked 4
asking 2
asleep 1
aspect 3
assert 1
assign 1
assist 5
associations-an 1
assorting 1
assume 4
assumed 5
assumption 4
assumptions 2
assured 2
astonished 1
astonishment 1
astor 2
astor's 1
astoria 1
at 116
ate 1
atlantic 1
attaches 1
attempt 2
attention 1
attentively 1
attenuated 1
attic 1
attitude 1
attorney 2
attracted 1
audibly 1
aught 1
augmented 1
austere 1
authority 1
avail 1
averse 1
avocations 2
avoid 1
awaken 1
awakening 1
awakes 1
aware 3
away 13
awed 1
awhile 2
b 1
bachelor's 1
back 4
back-yards 1
bad 2
baggy 1
balanced 1
bald 1
bandanna 1
banister 2
banisters 1
bank 1
bank-note 1
bar-tender's 1
bartleby 118
bartleby's 7
base 1
basin 1
basis 1
be 83
beams 1
bear 2
beauties 1
beautiful 1
beauty 1
became 5
because 5
beckoned 1
become 2
bed 1
been 25
beer 2
beer-nippers 1
before 13
before-would 1
befriend 1
began 4
beggarly 1
begged 1
begin 1
begins 3
behalf 1
behavior 1
behind 18
behold 2
being 23
beings 2
believe 4
belong 1
bench 1
beneficially 1
benefit 3
benevolently 1
bent 1
besides 3
best 8
betokened 1
better 5
between 4
beyond 1
bidding 1
bids 1
bill 2
billeted 1
bills 2
biographies 1
biography 1
birds 1
birth 1
bit 3
bits 1
bitter 1
bitterly 1
black 3
blacking 1
blandest 2
blandly 1
blanket 1
blanket-like 1
blankly 1
blazed 1
blazing-but 1
blazonry 1
blending 1
bless 1
blessed 1
blind 1
block 2
blocks 1
blot 2
blots 3
blotted 1
blotting 1
blue 1
blunders 1
body 4
boiler 1
bold 1
bond 1
bonds 1
books 1
bore 2
born 1
both 3
bottom 1
bound 1
bound-indeed 1
bound-to-to-to 1
bow 1
box 1
boxing 1
boy 2
brain-led 1
brandy 1
brandy-like 1
brass 1
bravado 1
break 1
breakfast 1
breathe 1
breeding 1
bribes 1
brick 2
bricks 1
brief 2
briefly 2
bright 1
brilliant 1
bring 1
broad 1
broadway 4
brooding 1
brought 3
browbeaten 1
brush 1
budge 2
building 5
buildings 3
built 1
bullion 1
bullying 1
bundle 1
burned 2
business 24
business-that 1
bust 2
but 121
button 1
buttoned 2
buttoning 2
by 66
byron 1
bystanders 1
c 1
cadaverous 2
cadaverously 1
cake 1
cake-small 1
cakes 2
calamities 1
call 7
called 10
calling 6
calm 4
came 12
can 13
can't 1
canal-street 1
candidate 1
candle-light 1
cane 1
cannel 1
cannot 8
capacities 1
care-free 1
careful 1
carefully 1
carelessly 1
carman 1
carried 1
carry 2
carrying 1
cart 1
cart-load 1
carthage 1
carts 1
case 4
cases 1
casting 1
caught 1
cause 1
cause-indigestion-the 1
caused 1
causing 1
celebrated 1
cell 1
cents 1
certain 15
certainly 3
chafing 1
chair 6
chairs 1
chamber 1
chambers 14
chancery 3
chances 1
change 5
changed 1
character 2
characters 1
charge 3
charged 1
charitable 1
charitably 1
charity 2
charity's 1
charity:-he 1
charm 1
charmed 1
cheaply 1
check 1
cheerfully 1
cheese 1
chief 1
chiefly 2
chin 1
chips 1
choleric 1
chose 2
christmas 1
church 2
church-going 1
cicero 2
circle 1
circulation 1
circumstance 1
circumstances 5
cistern 1
city 2
civilest 1
civility 1
claim 1
clapping 1
cleaner 1
clear 1
clearest 1
clearly 1
clefts 1
clerk 4
clerks 6
clerkship 3
client 1
clients 2
cling 1
close 4
closed 5
closely 2
clothes 1
cloudless 1
coal 1
coals 1
coat 8
coats 3
coaxing 1
coffee 1
coincidences 1
cold 2
collared 1
collecting 1
coloring 1
colt 3
column 2
columns 1
combativeness 1
come 7
comes 1
comfort 1
comfortable 1
coming 3
commanded 2
commandment 1
commands 1
commended 1
commit 1
committed 3
common 12
companion 1
company 1
comparatively 1
compare 2
comparing 1
compassionate 1
compassionated 1
compatriot 1
complained 2
complete 2
completely 1
compliance 3
complicated 1
compliment 1
comply 2
composed 1
comprehended 1
compressing 1
con 1
conceivable 1
conceive 1
concerned 1
concerning 6
conclude 1
concluded 4
conclusion 2
condition 1
condolence 1
conduct 4
conducted 1
conferred 2
confess 1
confidence 2
confidential 1
confined 1
confinement 3
conflicting 1
conjoined 1
connected 1
connection 1
conscience 3
consequent 1
consider 5
considerable 3
considerably 2
consideration 3
considerations 2
considered 4
considering 1
consist 1
constable 1
constables 1
constant 2
consternation 2
constituents 1
constitution 2
constructing 1
construe 1
consumption 1
contact 2
contain 1
contained 1
contemplating 1
content 1
contentedly 1
contents 1
continual 1
continually 3
continued 2
contracted 1
contrast 1
contrasted 1
convenience 1
convenient 2
conversation 1
conversation,-how 1
conveyancer 1
conviction 1
cool 1
coolest 1
copied 3
copies 4
copy 7
copying 9
copyist 4
copyists 2
corner 4
corps 1
corridor 1
corridors 1
cost 1
couched 1
could 31
counsellors 1
count 1
counted 1
countenance 3
country 1
coupling 1
course 6
court 1
courtesy 1
courts 2
creature 4
credit 2
credited 1
cried 5
crimpy 1
crisp 1
critical 1
crossed 1
crossing 1
crowded 1
crowding 1
cruelty 1
crumbs 1
crunching 1
culminate 1
curiosity 4
curious 1
cushioned 1
custom 1
customs 1
cutlets 3
daily 2
dangerous 1
dared 1
dark 1
day 22
days 13
dead 5
dead-wall 4
deal 1
death 1
debating 1
decease 1
deceived 2
decently 1
decide 1
decided 5
decision 1
declare 1
declared 1
decline 2
declined 3
decorous 1
deem 2
deemed 3
deep 2
deeper 1
deeply 2
deference 1
deferentially 2
deficient 2
definite 1
defray 1
degree 2
delay 2
delicate 1
delicious 1
delighted 1
delivered 1
demanded 2
demands 1
demeanor 1
demented 1
demonstrations 1
denouncing 1
densely-populated 1
denying 1
depart 4
depart-as 1
departed 1
departing 1
departure 2
dependent 1
deplore 1
deploy 1
deportment 1
deranged 3
described 1
description 1
deserted 2
desire 1
desired 2
desk 13
desk:-then 1
despairing 2
desperation 1
despondency 1
detained 1
determination 1
determined 1
determining 1
devotions 1
diabolical 1
dictate 1
did 22
die 1
died 5
difficult 1
difficulty 1
digestion 1
dilemma 2
diligence 1
dim 2
dime 1
dimly 1
dine 2
dined 1
dining 2
dinner 8
dinner-hour 1
dinners 1
dipping 1
directed 1
direction 3
directly 1
directory 1
disagree 1
disappeared 2
disarmed 2
discharged 1
disconcerted 1
discontent 1
discovered 1
discoveries 1
disdain 1
diseased 1
disgraceful 1
dishabille 1
dishonor 1
disinterested 1
dismantled 1
dismiss 1
dismissed 2
dismissing 2
dismission 1
disorder 1
dispassionate 1
dispatch 1
dispatched 1
dispatching 1
displayed 1
displeased 1
disposed 1
disposition 2
disqualified 1
dissipation 1
distinctly 1
distress 1
disturbed 1
divers 1
divided 1
divine 1
divulge 1
do 50
do-i 1
do-namely 1
doctrine 1
document 3
documents 6
dodging 1
does 8
doesn't 2
doff 1
doing 6
dollar 2
dollars 1
dome 1
domestic 1
don't 1
done 10
done-i 1
done-though 1
done?-a 1
door 13
door-since 1
doors 3
doubtless 5
doubts,-i 1
down 12
downy 1
dragged 1
drank 1
drawer 1
drawer-up 1
drawing 3
drawn 1
draws 1
dreadful 1
dreadfully 1
dreamy 1
dressed 2
drew 1
drive 1
driven 1
driving 1
dropped 5
drove 1
drown 1
dry 1
dry-goods 1
dubious 1
dull 3
dun 1
during 3
dusted 1
dusty 1
dutch 1
duties 1
duty 5
dwelling-and 1
dyspeptic 1
each 4
eagerness 1
ear 1
earlier 1
early 1
earnest 2
ears 1
earthly 2
easiest 1
easing 1
easy 2
eat 1
eating 1
eating-houses 1
eats 4
eccentric 1
eccentricities 6
echoed 1
echoes 1
edwards 2
effect 6
effects 2
effectual 1
effectually 1
efficacy 1
efforts 1
effrontery 1
egyptian 1
eh 1
eh!-he's 1
eight 1
either 2
elderly 2
election 1
eleven 1
elicit 1
else 5
elsewhere 1
em-can't 1
embrace 1
emerge 1
emerging 1
eminently 2
emotions 2
emphasizing 1
employed 2
employees 1
employer 1
employment 1
employments 1
emptiness 1
empty 2
enabling 1
enact 1
encounter 1
end 5
endeavor 2
endeavored 1
energetic 3
engage 1
engaged 3
englishman 2
enhance 1
enjoy 1
enlist 1
enlisted 1
enlists 1
enough 1
ensued 1
enter 1
entered 5
entering 2
entertain 1
entertained 1
enthusiasm 1
entirely 8
entrance 2
entreat 1
entreated 1
entry 3
ere 4
erections 1
err 1
errand 2
errands 1
escape 1
especially 4
essayed 1
established 1
eternal 1
eternity 1
europe 1
even 8
evening 1
events 3
eventually 1
ever 8
ever,-but 1
everlasting 1
every 14
evident 1
evil 2
evinced 1
evinces 1
exactly 2
examination 2
examine 10
examined 2
examining 3
example 1
exasperated 2
exasperating 1
exceeding 1
except 3
excessive 1
excited 4
excitement 3
exciting 1
exclaimed 4
exclaiming 1
excuse 1
execable 1
exempt 1
exemptions 1
exercise 1
exhibited 1
exist 1
expectancy 1
expenses 1
experienced 1
expiration 1
exposed 1
express 1
expression 2
expressive 1
exquisite 1
extended 1
extinct 1
extraordinary 3
eye 1
eyes 10
eyesight 1
face 9
faces 1
fact 8
facts 1
faculties 2
fail 1
failings 1
failure 1
fain 2
faint 1
faintest 1
fair 1
fairly 1
faith 1
fall 1
falling 1
faltering 1
familiarly 1
famishing 1
fancy 1
fancyings-chimeras 1
far 6
fare 2
fast 1
fatal 1
fate 1
father 1
fathom 1
faults 1
favor 1
fear 1
feared 1
fearful 2
fears 2
feel 5
feeling 3
feelings 1
feet 4
fell 2
fellow 4
fellow-feeling 1
fellows 1
felt 8
fervid 1
fetch 1
few 14
fiery 2
figure 1
filed 1
files 1
filled 1
final 4
finally 2
find 5
finding 3
fine 1
finger 2
fire 1
firm 2
first 13
fists 1
fit 2
fits 1
fitted 1
five 2
fixed 2
fixture 2
flamed 1
flames 1
flat 1
flavoring 1
flight 1
flighty 2
floor 6
florid 1
flown 1
flurried 2
flute-like 1
flying 1
foe 1
folded 3
folding 1
folding-door 1
folding-doors 4
folio 2
followed 1
following 2
fondness 1
foot 1
footfall 1
for 108
forbade 1
forbidding 1
forebodings 1
foremost 1
forger 1
forgers 2
forget 1
forgetful 1
forlorn 2
forlornest 1
forlornness 1
form 2
former 1
formerly 1
forming 1
forth 3
fortunate 1
found 7
four 5
fourth 2
frame 2
fraternal 1
free 1
freedom 1
freely 2
frequently 2
friction 1
friend 6
friendlessness 1
friendly 1
friends 3
frighten 1
fro 1
from 64
fronting 1
fugitive 1
full 6
fullest 1
fully 2
fumbling 1
fumes 1
functionary 1
furnish 1
furniture 1
further 10
furthermore 1
future 2
gaining 1
gainsay 1
gala 1
gallantly 1
gather 1
gave 2
gay 1
gazing 1
general 2
generally 3
generous 2
genius 1
genteel-like 1
gentle 1
gentleman 3
gentleman's 1
gentlemanly 4
gentlemen 4
gentleness 1
gentler 1
gently 5
gesture 1
get 6
getting 3
ghost 2
ginger 14
ginger-cake 1
ginger-nuts 6
give 11
given 4
glad 1
glance 1
glass 1
glazed 1
glimpse 1
gloom 3
glory 1
glow 1
glowing 1
go 11
go?-done 1
goaded 1
gobble 1
god 1
going 9
going-good-bye 1
gone 5
good 10
good-bye 3
good-natured 1
gorge 1
got 3
gradual 1
gradually 1
grand 2
grappled 1
grass 1
grass-platted 1
grass-seed 1
grate 2
gratification 1
gratify 1
grave 1
gray 3
great 14
greatly 2
green 1
grew 3
grim 1
grimy 1
grin 1
grind 1
grinding 1
grinning 1
gritted 1
groped 1
ground 5
grounds-cool 1
group 2
growing 1
grub-man 6
grub-man's 1
guards 1
habit 1
habits 1
had 88
haggard 1
hairs 2
half 2
half-past 1
hall 2
halls 1
hand 11
handed 1
handful 1
handkerchief 1
handled 1
handling 1
hands 5
handy 1
hapless 1
happened 1
happiness 1
happy 1
hard 2
hardly 4
harmed 1
harmless 3
harsh 1
has 14
haste 2
hat 4
hath 1
hatred's 1
haughtiness 1
haunt 1
haunting 1
have 50
having 7
he 218
he's 3
head 6
headed 1
heads 1
health 2
heaped 1
hear 3
heard 4
heart 4
heartless 1
heat 2
heavy 1
hectoring 1
heeding 1
height 2
heighten 1
held 2
help 8
helped 1
helpless 1
hence 2
here 23
here-take 1
hereafter 1
herman 1
hermitage 7
herself 1
hesitation 1
hides 1
high 5
high-tempered 1
higher 1
highly 1
highly-respectable 1
him 139
himself 14
hindrance 1
hint 2
hinted 1
hire 1
hired 2
his 219
hissed 1
hissing 1
histories 1
history 4
hoboken 1
hold 1
holding 2
holes 1
home 8
home-thrust 1
homeward 1
honest 1
honesty 2
honorable 1
hope 2
hopelessness 2
horrible 1
horse 1
horses 1
hot 2
hour 1
hour-it 1
hours 3
house 3
hovered 1
how 14
how's 1
however 7
huddled 1
hue 1
huge 2
human 4
humanity 1
humanizing 1
humor 2
hums 1
hundred 2
hungers 1
hunted 1
hunter 1
hurried 4
hurriedly 1
hurry 2
hurrying 1
husky 1
i 519
i'd 2
i'll 2
i-``that's 1
idea 4
idle 3
if 44
ignominiously 2
ill 2
ill-tempered 1
illiberal 1
imagination 3
imagine 2
imagined 2
immediately 5
immobility 1
immoral 1
immovable 2
impaired 1
impatience 3
impatiently 2
imperative 1
impertinence 1
implied 1
important 2
impossible 1
impotent 1
impress 1
imprimis 1
imprisoned 1
improve 1
improved 1
imprudently 1
impulse 1
in 265
inadvertence 1
inadvertently 1
inasmuch 3
incautious 1
incautiously 1
incensed 2
incentives 1
incessant 1
inches 1
incidental 1
incidentally 1
incipient 1
inclosed 1
inclosure 1
income 1
incontinently 1
inconvenience 1
increased 2
incubus 1
incurable 1
incurably 1
indecorous 1
indeed 15
indefinite 1
indicated 1
indifference 1
indifferently 1
indigestion 3
indignant 1
indignation 1
indispensable 3
individual 3
indubitably 1
induced 2
indulge 1
indulged 1
indulgence 1
indulgent 2
industrious 1
industry 2
inferior 1
infirmities 1
inflamed 2
inflexible 1
inform 1
information 1
informed 3
ingenious 1
inherent 1
inhumane 1
injunction 1
ink 1
inkstand 2
innate 1
innocent 2
inquiring 1
inscrutable 1
insensible 1
inserted 2
inside 1
insisted 2
insolence 1
insolent 2
inspection 1
inspirited 1
instant 3
instantly 2
instead 1
instinctively 1
intelligence 1
intended 2
intends 1
intent 2
interest 1
interested 1
interesting 2
interior 1
interment 1
interrupted 1
interval 2
intervals 2
interview 2
intimated 1
intimating 1
into 27
intolerable 2
intolerably 1
introduce 1
introducing 1
intruded 1
invade 1
invariable 1
invariably 1
invention 1
inveteracy 1
invisible 1
invocation 1
involuntarily 2
involuntary 1
inward 1
irreparable 1
irresistible 1
irresistibly 1
irreversible 1
irritability 2
irritable 2
irritated 1
is 74
isolate 1
it 164
it?-of 1
item 2
its 9
jacob 3
jail 2
jealousy's 1
jerk 1
jerking 2
jersey 1
jingling 1
john 3
join 1
joined 1
jostle 1
joy 1
judgment 2
jumping 1
jury 1
just 9
justice 2
justices 1
justified 2
keenly 1
keep 3
keeping 2
kept 7
key 7
keys 1
kick 1
killed 2
kind 2
kindest 1
kindly 1
kings 1
knee 2
knees 1
knew 6
knob 1
knocked 1
knocking 1
knotted 1
know 11
knowing 2
knowledge 1
known 4
knuckles 1
labor 1
labors 1
lad 2
laid 1
landing 1
landlord 4
landlord's 1
landscape 1
largely 1
last 20
late 5
lateral 1
latter 1
law 5
law-chambers 1
law-copyists 2
laws 1
lawyer 5
lawyer's 2
lawyers 2
lay 2
laying 1
lead 1
lean 3
leaned 1
leaning 1
leanly 1
learn 1
learned 1
least 8
leave 3
leaves 1
leaving 2
led 4
left 10
legal 4
legitimate 1
legs 1
leisure 4
length 2
lengthy 2
less 5
lessen 1
let 7
lethargic 1
letter 3
letters 5
letting 1
lid 1
lie 1
lies-sleeping 1
life 10
life-lease 1
light 3
lightning 1
like 24
limb 1
line 2
lines 1
lips 1
list 2
listen 1
listening 1
literature 1
little 19
live 3
lived 1
lives 2
living 1
lo 2
lock 3
locked 3
lodgings 1
loftier 1
lofty 2
loiter 1
loneliness 1
long 5
long-continued 1
long-lived 1
longed 1
longer 4
look 5
looked 6
looking 7
loose 1
lose 3
losing 1
loss 1
louder 1
loudly 1
love 2
low 1
lowered 1
luckily 1
luny 1
lurk 1
lurking 1
lustrous 2
lying 1
made 13
magic 1
magical 1
mail 1
mainly 1
make 8
makes 1
making 6
maledictions 2
man 36
man's 2
man-here 1
management 1
manhattanville 1
manifestations 1
mankind 1
manner 7
many 3
march 1
marius 1
marshal 1
mason 1
masonry 1
master 2
master's 1
mastered 1
masterly 2
mat 2
matched-for 1
materials 1
matter 7
mature 1
may 11
mayoralty 1
me 141
me,-this 1
me-``i'd 1
me-gesticulating 1
me-he 1
me-no 1
me-one 1
meagre 1
mean 5
meaning 3
means 4
meant 1
meanwhile 1
measures 1
meat-like 1
mechanical 1
mechanically 1
meditate 1
melancholy 5
melville 1
men 7
men's 1
mending 2
mental 1
mention 2
merchants 1
mercy's 1
mere 4
merge 1
meridian 3
meridian-his 1
method 1
methodically 1
mettlesome 1
mid 1
middle 2
might 24
mild 3
mildly 4
mildness 1
millstone 1
mind 10
minds 1
mine 4
minutes 2
mirror 1
mischief 2
miserable 2
miserably 1
misery 3
misfortune 1
mission 1
mississippi 1
mistakes 1
misunderstood 1
mixed 1
mob 1
mobbed 1
moisten 1
moistening 1
mollified 1
moment 9
momentary 1
moments 1
money 4
monroe 2
months 1
mood 3
moodiness 1
moods 1
moon-struck 1
morbid 1
more 31
moreover 4
morning 24
morsel 2
mortal 1
mortal,-you 1
mortgage 1
mortgages 1
mortified 1
most 9
motion 2
motioned 1
motionless 2
motionlessness 1
motive 1
moulders 1
mouth 4
mouths 1
move 2
moved 2
moving 1
mr 3
mrs 2
much 11
mule 1
mulish 1
munched 1
murder 2
murderers 1
murmured 2
must 28
mute 1
mutually 1
my 196
myself 26
mysteries 1
mysterious 1
naked 1
name 4
named 2
names 2
narrated 1
narrative 1
narrator's 1
narrow 1
narrowly 1
native 1
natural 3
nature 4
nay 4
nay-if 1
near 1
near-sighted 1
neat 2
necessary 1
necessities 1
necessity 2
neck 1
necklace 1
need 2
needless 2
nervous 4
nervously 1
nervousness 2
nettled 1
never 24
nevertheless 5
new 7
new-york 1
newspaper 2
next 13
nice 1
nicknames 1
nigh 2
night 5
night's 1
nightfall 1
nippers 31
nippers's 2
nippers-``i'd 1
no 57
no.-wall-street 3
noble 1
noise 1
noiseless 1
noiselessly 1
noisy 1
non-success 1
nonchalance 1
none 3
noon 3
nor 2
not 151
not-unpleasing 1
note 2
noted 1
nothing 27
notice 1
noticed 2
now 39
now-not 1
now-pallidly 1
nudity 1
nuisance 1
numerous 1
nut 11
nut-shell 1
nuts 1
o'clock 9
oaf 1
oats 2
obeying 1
object 1
objection 1
oblivious 1
obscurely 1
observable 1
observations 1
observed 2
obstacle 1
obstreperous 1
obstreperousness 1
obtain 1
obtained 1
obtruded 1
occasion 3
occasional 2
occasionally 2
occasioned 1
occasions 2
occupancy 1
occupant 1
occupation 1
occupied 4
occupy 1
occupying 3
occurred 4
odd 2
odds 1
of 359
off 5
offended 1
offered 3
office 38
office-boy 1
office-room 1
officer 1
offices 4
often 5
oh 3
oily 1
old 11
omnibus 1
on 58
once 6
one 51
ones 1
only 16
open 7
opened 5
opening 2
openly 1
operate 1
operates 1
opinion 2
opportunity 2
opposition 1
or 44
oratorically 1
orbicular 1
order 2
ordinarily 1
ordinary 1
organic 1
organization 1
oriental 1
original 7
originally 1
other 24
others 2
otherwise 5
ought 3
our 3
out 27
outlive 1
outrages 1
outright 1
outside 1
over 19
overheard 2
overlook 1
overpowering 1
overturn 1
owe 2
owing 4
own 23
p.m 1
pacified 1
padded 1
page 1
page-is 1
pages 1
paid 1
pain 2
pained 2
painters 1
pale 10
palely 1
pallid 3
pallid-how 1
pallor 1
panel 1
panes 2
pantaloons 1
paper 7
paper-weight 1
papers 15
paramount 1
pardon 1
paroxysms 1
part 6
particles 1
particular 5
parting 1
parts 2
party 1
passages 2
passed 6
passing 2
passion 4
passions 1
passive 2
passiveness 1
passivity 1
past 1
pasteboard 1
patience 1
pause 2
paused 2
pay 3
peace 2
peculiar 6
peculiarities 1
peeped 2
peered 1
peering 1
pen 2
pence 1
penetrate 1
penetrating 1
penniless 1
penny-the 1
pens 1
pensive 1
people 2
perceive 2
perceived 3
perceptions 1
perfect 2
perfectly 4
perhaps 5
period 6
periods 1
permanent 1
permanently 2
permit 1
permits 1
permitted 2
permitting 1
pernicious 1
perpetual 2
perplexing 1
perplexity 3
persecute 1
persecution 1
persist 1
persisted 1
persisting 1
persists 1
person 10
personage 1
personal 1
persons 4
persuaded 2
persuasion 1
perturbed 1
perverse 1
perverseness 1
perverseness-such 1
petra 1
philanthropy 1
pieces 2
pigeon 1
pillar 1
pipe 1
piratical-looking 1
pitiably 1
pity 6
pityingly 1
place 14
placed 2
placing 1
plain 5
plainest 1
plainly 1
plan 2
plaster-of-paris 1
plate 1
pleasant 1
pleasantly 1
please 2
pleased 1
pleasure 1
plume 1
pocket 2
pocket-and-and 1
poet 1
poetic 1
point 5
point-blank 1
pointing 2
police 2
polite 2
pondered 1
ponderings 1
poor 9
populous-a 1
portly 1
position 3
positively 1
possessing 1
possession 1
possessor 1
possible 4
possible-he 1
possibly 4
post 2
post-office 2
postpone 1
potations 1
poverty 1
powers-ambition 1
practice-there 1
pray 2
preacher 1
preceding 1
precious 1
precipitately 1
precise 1
precisely 1
predestinated 2
prefer 39
preferences 2
preferred 2
prefers 3
premises 9
presence 1
present 13
presented 2
presentiments 1
presently 1
pressing 1
pretending 1
prevailed 1
previous 3
previously 1
pride's 1
priestley 1
prime 1
principle 1
principle-a 1
prior 2
prison 2
prisoners 1
privacy 3
private 4
privately 1
privileges 1
pro 1
probabilities 1
probability 1
probable 1
probably 2
procedure 5
proceed 2
proceeded 1
proceeding 4
proceeds 1
procession 1
procure 2
procured 1
procuring 1
produce 2
producing 1
profession 2
professional 4
professionally 1
profits 1
profound 1
profoundest 1
profoundly 1
project 1
promise 1
promising 1
prompt 1
prompted 1
prompting 1
prone 1
pronouncing 1
proof 1
properly 2
property 1
proportion 1
propose 1
proprieties 1
proprietor 1
propriety 1
prospectively 1
prosperity 1
prove 6
proved 1
proverbially 2
proves 1
provide 1
providence 1
provocation 1
prudence 1
prudent 3
prudential 1
public 2
pugilistic 1
purchase 1
pure 1
purpose 7
pursuit 1
pursy 1
purveyor 1
push 1
pushed 1
put 7
putting 2
pyramids 1
quadruplicate 1
quadruplicates 1
qualifications 1
quantity 1
quart 1
quarters 2
quest 1
question 3
questions 1
quick 1
quick-witted 1
quickest 1
quiescent 1
quiet 4
quietest 1
quietly 2
quietness 1
quietude 1
quit 9
quite 9
racket 1
radiant 1
ragged 1
rallying 1
ran 4
rapid 1
rapidity 1
rapidly 1
rash 3
rashness 1
rashnesses 1
rate 4
rather 13
re-engage 1
re-entered 1
reach 1
reached 1
reaching 1
read 1
reader 2
readily 2
reading 1
reading-no 1
ready 2
really 1
reappear 1
reason 6
reasonable 3
reasonable:-say 1
reasoned 1
reasons 1
rebelled 1
rebellion 1
recalled 1
recalling 1
receive 1
received 4
receiving 3
recently 2
recesses 1
recital 1
reckless 2
recklessness 1
reclining 1
recognized 1
reconciled 1
recondite 1
record 1
recovered 1
recovering 1
red 3
reeling 1
refectory 1
refer 1
reference 3
reflected 2
refrain 1
refusal 1
refuse 3
refuses 4
regard 2
regarded 1
regards 1
regularity 1
reinforcement 1
rejoined 1
relate 1
relation 1
relative 1
relatives 1
relentless 1
relieve 1
relieved 1
remain 5
remainder 1
remained 9
remains 1
remarkable 1
remarks 2
remedying 1
remember 1
remembered 7
remonstrated 1
removal 1
remove 2
removed 6
removing 1
remunerative 1
rent 1
repeat 2
repeated 1
repeating 1
replied 10
replies 1
reply 10
report 3
reproach 1
reproachful 1
repulse 1
repulsed 1
repulsion 1
reputation 1
request 3
request-a 1
require 1
required 2
reseated 1
resembled 1
resentment 2
reserve 1
reserving 1
residence 1
residing 1
resistance 1
resisted 3
resisting 1
resolved 6
resolves 1
resolving 1
resort 1
respect 2
respectable 1
respectfully 2
respective 1
respects 1
response 1
responsible 2
rest 2
rested 1
restive 1
restless 1
restored 1
retire 1
retired 2
retorts 1
retreat 3
retribution 1
retrospectively 1
return 1
returned 5
revealed 1
revealing 1
reverential 1
reveries 3
revery 2
revolved 1
revolving 3
rich 1
ricketty 1
rid 8
right 6
right-hand 1
ring:-the 1
rings 1
rippled 1
rise 2
rising 1
roared 2
roaring 1
rockaway 2
roguishly 1
rolled 2
roof 1
room 16
room-that 1
rooms 3
rose 2
round 11
round,-``and 1
rounded 1
rousing 1
row 1
rub 1
rude 1
rudely 1
ruined 1
ruins 1
ruler 2
ruminating 1
rumor 2
run 1
running 1
rushed 1
sad 3
sadly 2
sadness 1
safe 2
safeguard 1
sagacious 1
said 58
said-``is 1
sailing 1
sake 8
sallow 1
salt 1
salutary 1
salutation 1
same 10
sand-box 1
sanguine 1
sarvant 2
sat 10
satisfactory 2
saturday 1
saturdays 1
saved 1
saving 1
saving's 1
savings 1
saw 12
say 17
say-i 1
saying 5
saying-``with 1
says 2
scandalizing 1
scene 1
science 1
scores 1
scorned 1
scrape 2
screen 19
screened 1
scrivener 17
scrivener's 4
scriveners 6
scrubbed 1
seal 1
seat 2
seated 1
seats 1
second 5
secular 1
sedate 1
see 14
seedy 1
seeing 2
seek 3
seeking 1
seem 5
seemed 16
seen 6
seize 2
seized 1
seldom 4
self-approval 1
self-indulgent 1
self-interest 1
self-possessed 2
selfishness 2
sell 1
sense 3
sensitive 1
sent 4
sentence 1
sentimental 1
sentry 1
sequel 1
serene 1
serenely 1
serious 1
seriously 3
service 1
services 5
set 3
settle 2
several 3
severe 3
severely 1
severer 1
shade 1
shaft 1
shall 13
share 1
shared 1
sharp 1
sheer 1
sheet 2
shells 1
shield 1
shillings 1
shirt 2
shirt-button 1
shiver 1
shivering 1
short 10
should 20
shoulder 3
show 1
sick 1
side 4
side-window 1
sideways 1
sighed 1
sight 3
silence 1
silent 3
silently 5
silks 1
silly 1
silver 1
simply 5
since 3
sincerest 1
sing-sing 1
single 1
singular 4
singularly 2
sinister 1
sir 23
sir-hope 1
sir;-spacious 1
sit 3
sitting 3
six 4
sixpences 1
sixty 1
sky 1
skylight 1
sleeping 2
sleeves 2
slept 2
slid 3
slight 1
slightest 2
slightly 2
slip 1
slipping 2
slits 1
slow 1
slowly 4
slunk 1
small 7
smallest 1
smell 1
smile 1
smoothly 1
snatch 1
snug 2
so 54
soap 2
socially 1
society 1
sofa 1
soft 1
sole 1
solitary 3
solitude 2
solved 1
some 42
somehow 3
something 19
sometimes 6
somewhat 2
somewhere 1
son 1
sons 1
soon 5
sore 2
sorry 5
sort 14
sorts 3
sorts-was 1
soul 6
souls 1
sound 4
sounds 1
sour 1
sources 1
space 1
spacious 1
spark 1
sparkling 1
spasmodic 1
speak 7
speaking 2
special 2
specimen 1
spectator 1
spectators 1
speed 1
speedily 1
spent 1
spicy 2
spicy-after 1
spilled 1
spine 1
spiritual 1
spitzenbergs 1
split 1
spoke 2
spoken 1
sport 1
spread 1
sprung 1
spy-glass 1
square 1
squeamishness 1
stagger 1
staggered 1
stairs 5
stalls 1
stand 3
standing 10
stare 2
start 1
started 1
starting 1
starve 2
state 4
stated 2
statement 2
stating 1
stationary 2
stationery 1
stay 6
steadfastly 2
steadiest 1
steadiness 1
steal 1
steaming 1
steep 1
step 4
steps 1
stifled 1
still 8
stillness 2
stinging 1
stipulations 1
stirred 1
stones 1
stood 6
stooped 2
stooping 1
stop 1
stopped 1
store 1
story 1
straight 2
strange 10
strangely 6
stranger 2
strangers 1
strangest 1
street 3
strictly 1
stride 1
striding 1
strike 2
strive 1
strove 2
struck 1
stubborn 2
student 1
study 1
stunned 1
style 1
subject 1
submission 7
subordinate 1
subsequent 2
suburbs 1
success 3
successful 1
succor 1
such 27
sudden 4
suddenly 2
suddenness 1
suffered 2
suffering 2
suffice-in 1
sufficiently 2
suffrage 1
suggested 1
suggesting 1
suggestive 1
suit 4
suitable 2
sulky 1
summary 2
summer 3
summon 1
summoning 1
summons 1
sun 1
sun-light 1
sunday 6
sundry 1
superfluous 1
superior 1
superstitious 1
supply 1
support 2
suppose 3
supposed 1
supposition 1
sure 6
surely 5
surmise 1
surmised 1
surmises 1
surprise 1
surprised 1
surrendering 1
surrounding 2
surroundings 1
suspicion 1
swan-like 1
sweeper 1
sweeping 1
sweet 2
swept 1
swift 1
swiftest 1
table 10
tacit 1
take 11
taken 4
takes 1
taking 3
talk 1
tame 2
tape 1
tattered 1
taxes 1
tea 1
tea-time 1
teeth 2
tell 6
telling 1
temper 3
temperaments 1
temperate 1
temple 1
temporarily 1
tempted 2
tempting 1
ten 1
tenanting 1
tenants 3
tended 1
terminated 1
terms 1
terrible 3
testimony 1
testiness 1
than 17
thankful 1
that 194
that's 3
the 603
their 11
them 23
then 46
then,-good 1
then,-strange 1
then-you 1
theory 1
there 43
there''-and 1
there;-first 1
there?-copying 1
thereabouts 1
thereof 1
thereupon 1
these 21
they 17
thickness 1
thieves 1
thin 1
thing 24
things 6
think 20
thinker 1
thinking 3
third 5
thirty 1
thirty-two 1
this 70
this,-he 1
this;-i 1
thither 1
thoroughfares 1
thoroughly 1
those 13
though 16
thought 30
thoughts 2
threat 1
threatened 1
three 5
threshold 2
threw 5
through 9
throughout 1
throw 2
thrust 5
thrusting 2
thumb 1
thunderstruck 1
thus 3
thus!''-and 1
thwarting 1
tidings 2
tie 1
till 4
time 26
time-try 1
times 5
tin 1
tingling 1
tis 1
title 1
title-deed 1
title-deeds 1
to 432
to-day 4
to-in 1
to-morrow 1
together 4
told 2
tombs 5
tone 9
tongue 2
tongues 1
too 15
took 2
top 1
tore 1
torrent 1
touch 1
touched 5
touching 6
touchingly 1
toward 1
towards 16
towel 1
town 2
tragedy 1
tranquil 1
tranquillity 3
tranquilly 3
transferred 1
transformed 1
traps 1
travel 1
treated 1
trembled 1
trembling 1
tremor 2
trespasser 1
tribulation 1
tried 2
trifling 1
trim 1
trinity 2
triumph 1
trivial 2
trouble 2
troubles 1
true 2
true,-but 1
truly 1
truth 4
try 1
trying 1
turbulence 1
turf 1
turkey 38
turkey's 6
turn 4
turned 5
turning 6
turnkey 3
turns 1
twelve 9
twenty 4
twenty-four 1
twinges 1
twitching 1
two 14
tyrannized 1
ugly 1
unable 1
unaccountable 2
unaccountably 1
unaffectedly 1
unalterable 1
unalterableness 1
unambitious 1
unanswerable 1
unawares 1
unbounded 1
uncaring 1
uncarpeted 2
uncharitable 1
uncomfortable 1
unconditionally 1
unconscious 1
undeniable 1
under 14
underneath 1
understand 1
understanding 1
understood 1
undertake 1
undiminished 1
uneasiness 3
unemployed 2
unexampled 1
unfortunate 2
ungrateful 1
unhallowed 1
unheard 1
unheard-of 1
unhoping 1
unindulged 1
universe 1
unjust 1
unknown 1
unless 1
unmanned 2
unmoving 1
unnecessary 1
unobstructed 1
unofficially 1
unpleasant 2
unprecedented 1
unprovided 1
unreasonable 1
unreasonableness 1
unrelieved 1
unreservedly 1
unseemly 1
unsolicited 1
unsurmised 1
unto 2
unused 1
unusual 2
unusually 1
unwarrantable 1
unwholesome 1
unwilling 1
unwonted 1
up 29
upbraided 1
upon 66
upper 1
uproar 1
upwards 1
urged 3
urgings 1
us 3
usage 3
usages 1
use 2
useful 4
useless 1
using 2
usual 5
usually 1
usurpation 1
utterly 1
vacancy 1
vagary 1
vagrant 5
vague 2
vaguely 1
vain 1
vain:-i 1
valuable 2
valuing 1
vanished 1
vanity 3
various 2
vastly 1
veering 1
vegetables 1
vegetarian 1
vehement 1
verify 1
verily 1
versa 1
very 29
vexing 1
vice 1
victim 2
view 6
vile 1
villain 1
vintner 1
violate 1
violent 2
violently 2
virginia 1
visage 1
visible 1
vision 1
visited 3
visitors 1
visits 2
voice 4
voluntary 1
vouchsafed 2
vulgar 1
wafers-indeed 1
waistbands 1
waiting 3
waive 1
walk 6
walked 3
walking 1
wall 9
wall-street 3
walls 1
wander 1
wanderer 1
wane-till 1
want 5
wanted 4
ward-politician 1
warm 2
warmth 1
warned 1
was 195
washington 1
wasted 1
watching 1
water 1
way 11
ways 5
we 7
weak 1
wearisome 1
wears 1
week 3
week's 1
week-days 1
weekly 1
weeks 1
weep 1
weighed 1
weight 1
well 10
well-better 1
went 16
were 30
weren't 1
what 55
whatever 3
when 36
whence 1
where 8
whereabouts 1
whereas 2
wherein 1
wherever 1
whether 7
which 45
while 14
whim 1
whiskered 1
whisper 1
white 3
who 23
whole 5
wholesome 1
wholly 3
whom 8
why 7
wide 1
wight?-my 1
wildly 1
wilfulness 1
will 46
willing 2
willingly 1
winding 1
window 7
windows 2
windsor 1
winter 1
wise 2
wisely 1
wiser 1
wisest 1
wish 1
wished 2
with 111
withal 1
withdraw 2
withdrawn 1
withheld 1
within 8
within-``not 1
without 17
withstand 1
witnesses 1
wold 1
woman 1
won't 3
wonder 1
wonderful 3
wondrous 1
word 16
wordiness 1
words 7
wore 1
work 4
worked 2
world 3
worried 1
worse 1
would 96
wreck 1
wrinkle 1
write 3
writer 1
writing 7
written 2
written:-i 1
wrong 1
wrongs 1
wrote 3
wrought 1
yard 2
yards 3
ye 1
years 3
yes 8
yes-queer 1
yesterday 1
yet 19
yonder 2
you 125
you'll 1
you-and 1
young 5
your 27
yourn 1
yours 1
yours.-will 1
yourself 4
youth 2
